Performing C SOURCE FILE Test HAVE_FLAG_ADDRESS_SANITIZER failed with the following output:
Change Dir: /home/meh/devel/hotdoc/cmark/build/CMakeFiles/CMakeTmp

Run Build Command:"/usr/bin/gmake" "cmTC_f55ea/fast"
/usr/bin/gmake -f CMakeFiles/cmTC_f55ea.dir/build.make CMakeFiles/cmTC_f55ea.dir/build
gmake[1]: Entering directory '/home/meh/devel/hotdoc/cmark/build/CMakeFiles/CMakeTmp'
Building C object CMakeFiles/cmTC_f55ea.dir/src.c.o
/usr/lib64/ccache/cc   -DHAVE_FLAG_ADDRESS_SANITIZER -Werror -faddress-sanitizer   -faddress-sanitizer -o CMakeFiles/cmTC_f55ea.dir/src.c.o   -c /home/meh/devel/hotdoc/cmark/build/CMakeFiles/CMakeTmp/src.c
cc: error: unrecognized command line option '-faddress-sanitizer'
cc: error: unrecognized command line option '-faddress-sanitizer'
gmake[1]: *** [CMakeFiles/cmTC_f55ea.dir/build.make:66: CMakeFiles/cmTC_f55ea.dir/src.c.o] Error 1
gmake[1]: Leaving directory '/home/meh/devel/hotdoc/cmark/build/CMakeFiles/CMakeTmp'
gmake: *** [Makefile:121: cmTC_f55ea/fast] Error 2

Source file was:
int main(void) { return 0; }
Performing C SOURCE FILE Test HAVE_FLAG_SANITIZE_ADDRESS failed with the following output:
Change Dir: /home/meh/devel/hotdoc/cmark/build/CMakeFiles/CMakeTmp

Run Build Command:"/usr/bin/gmake" "cmTC_1ded0/fast"
/usr/bin/gmake -f CMakeFiles/cmTC_1ded0.dir/build.make CMakeFiles/cmTC_1ded0.dir/build
gmake[1]: Entering directory '/home/meh/devel/hotdoc/cmark/build/CMakeFiles/CMakeTmp'
Building C object CMakeFiles/cmTC_1ded0.dir/src.c.o
/usr/lib64/ccache/cc   -DHAVE_FLAG_SANITIZE_ADDRESS -Werror -fsanitize=address   -fsanitize=address -o CMakeFiles/cmTC_1ded0.dir/src.c.o   -c /home/meh/devel/hotdoc/cmark/build/CMakeFiles/CMakeTmp/src.c
Linking C executable cmTC_1ded0
/usr/bin/cmake -E cmake_link_script CMakeFiles/cmTC_1ded0.dir/link.txt --verbose=1
/usr/lib64/ccache/cc  -DHAVE_FLAG_SANITIZE_ADDRESS -Werror -fsanitize=address    -rdynamic CMakeFiles/cmTC_1ded0.dir/src.c.o  -o cmTC_1ded0 
/usr/bin/ld: cannot find /usr/lib64/libasan.so.5.0.0 inside /
collect2: error: ld returned 1 exit status
gmake[1]: *** [CMakeFiles/cmTC_1ded0.dir/build.make:87: cmTC_1ded0] Error 1
gmake[1]: Leaving directory '/home/meh/devel/hotdoc/cmark/build/CMakeFiles/CMakeTmp'
gmake: *** [Makefile:121: cmTC_1ded0/fast] Error 2

Source file was:
int main(void) { return 0; }
